<?xml version="1.0" encoding="UTF-8"?>
<testng-results skipped="0" failed="0" ignored="0" total="1" passed="1">
  <reporter-output>
  </reporter-output>
  <suite name="Default suite" duration-ms="13822" started-at="2019-03-18T07:26:19Z" finished-at="2019-03-18T07:26:33Z">
    <groups>
    </groups>
    <test name="Default test" duration-ms="13822" started-at="2019-03-18T07:26:19Z" finished-at="2019-03-18T07:26:33Z">
      <class name="Koneqto_Exe.Infobyt_Exc">
        <test-method status="PASS" signature="login()[pri:0, instance:Koneqto_Exe.Infobyt_Exc@3db972d2]" name="login" duration-ms="13736" started-at="2019-03-18T07:26:19Z" finished-at="2019-03-18T07:26:33Z">
          <reporter-output>
          </reporter-output>
        </test-method> <!-- login -->
      </class> <!-- Koneqto_Exe.Infobyt_Exc -->
    </test> <!-- Default test -->
  </suite> <!-- Default suite -->
</testng-results>
